<!DOCTYPE html PUBLIC "-//W3C//DTD XHTML 1.1//EN" "http://www.w3.org/TR/xhtml11/DTD/xhtml11.dtd">
<html xmlns="http://www.w3.org/1999/xhtml">
<head>
<meta http-equiv="content-type" content="text/html; charset=UTF-8"/>
<title>TestNG Report</title>
<style type="text/css">table {margin-bottom:10px;border-collapse:collapse;empty-cells:show}th,td {border:1px solid #009;padding:.25em .5em}th {vertical-align:bottom}td {vertical-align:top}table a {font-weight:bold}.stripe td {background-color: #E6EBF9}.num {text-align:right}.passedodd td {background-color: #3F3}.passedeven td {background-color: #0A0}.skippedodd td {background-color: #DDD}.skippedeven td {background-color: #CCC}.failedodd td,.attn {background-color: #F33}.failedeven td,.stripe .attn {background-color: #D00}.stacktrace {white-space:pre;font-family:monospace}.totop {font-size:85%;text-align:center;border-bottom:2px solid #000}.invisible {display:none}</style>
</head>
<body>
<table>
<tr><th>Test</th><th># Passed</th><th># Skipped</th><th># Failed</th><th>Time (ms)</th><th>Included Groups</th><th>Excluded Groups</th></tr>
<tr><th colspan="7">All Test Suite</th></tr>
<tr><td><a href="#t0">/Users/mj621194/Documents/Maven_Projects/ios_test_samples</a></td><td class="num">0</td><td class="num">0</td><td class="num">0</td><td class="num">8,159</td><td>MainBase</td><td></td></tr>
<tr class="stripe"><td><a href="#t1">NonLogin_MakePayment_PayWithCards_exceptCards01</a></td><td class="num">17</td><td class="num">0</td><td class="num attn">2</td><td class="num">81,300</td><td>MakePayment</td><td></td></tr>
<tr><th>Total</th><th class="num">17</th><th class="num">0</th><th class="num attn">2</th><th class="num">89,459</th><th colspan="2"></th></tr>
</table>
<table id='summary'><thead><tr><th>Class</th><th>Method</th><th>Start</th><th>Time (ms)</th></tr></thead><tbody><tr><th colspan="4">All Test Suite</th></tr></tbody><tbody id="t0"><tr><th colspan="4" class="invisible"/></tr></tbody>
<tbody id="t1"><tr><th colspan="4">NonLogin_MakePayment_PayWithCards_exceptCards01 &#8212; failed</th></tr><tr class="failedeven"><td rowspan="2">iOS_Tests.MakePayment_TestSample</td><td><a href="#m0">MakePayment_Amount_SpecialSign1</a></td><td rowspan="1">1562616654648</td><td rowspan="1">12315</td></tr><tr class="failedeven"><td><a href="#m1">MakePayment_Amount_SpecialSign4</a></td><td rowspan="1">1562616669555</td><td rowspan="1">334</td></tr><tr><th colspan="4">NonLogin_MakePayment_PayWithCards_exceptCards01 &#8212; passed</th></tr><tr class="passedeven"><td rowspan="17">iOS_Tests.MakePayment_TestSample</td><td><a href="#m2">MakePayment_Amount_ContinueDisabled1</a></td><td rowspan="1">1562616643118</td><td rowspan="1">829</td></tr><tr class="passedeven"><td><a href="#m3">MakePayment_Amount_ContinueDisabled2</a></td><td rowspan="1">1562616653823</td><td rowspan="1">823</td></tr><tr class="passedeven"><td><a href="#m4">MakePayment_Amount_ErrorM1</a></td><td rowspan="1">1562616632653</td><td rowspan="1">10463</td></tr><tr class="passedeven"><td><a href="#m5">MakePayment_Amount_ErrorM2</a></td><td rowspan="1">1562616643949</td><td rowspan="1">9873</td></tr><tr class="passedeven"><td><a href="#m6">MakePayment_Amount_SpecialSign2</a></td><td rowspan="1">1562616667363</td><td rowspan="1">308</td></tr><tr class="passedeven"><td><a href="#m7">MakePayment_Amount_SpecialSign3</a></td><td rowspan="1">1562616667672</td><td rowspan="1">1881</td></tr><tr class="passedeven"><td><a href="#m8">MakePayment_CameraAllow</a></td><td rowspan="1">1562616610012</td><td rowspan="1">6240</td></tr><tr class="passedeven"><td><a href="#m9">MakePayment_Cancel</a></td><td rowspan="1">1562616685792</td><td rowspan="1">3778</td></tr><tr class="passedeven"><td><a href="#m10">MakePayment_ContinueEnable_Default1</a></td><td rowspan="1">1562616616255</td><td rowspan="1">885</td></tr><tr class="passedeven"><td><a href="#m11">MakePayment_ContinueEnable_Default2</a></td><td rowspan="1">1562616621706</td><td rowspan="1">10946</td></tr><tr class="passedeven"><td><a href="#m12">MakePayment_MoreInfoIcon</a></td><td rowspan="1">1562616617141</td><td rowspan="1">4564</td></tr><tr class="passedeven"><td><a href="#m13">MakePayment_Name_Empty</a></td><td rowspan="1">1562616670258</td><td rowspan="1">4540</td></tr><tr class="passedeven"><td><a href="#m14">MakePayment_Name_FillAgain</a></td><td rowspan="1">1562616674837</td><td rowspan="1">2730</td></tr><tr class="passedeven"><td><a href="#m15">MakePayment_PayWithCards</a></td><td rowspan="1">1562616608343</td><td rowspan="1">1652</td></tr><tr class="passedeven"><td><a href="#m16">MakePayment_Zip_Empty</a></td><td rowspan="1">1562616677608</td><td rowspan="1">4857</td></tr><tr class="passedeven"><td><a href="#m17">MakePayment_Zip_Less5Numbers1</a></td><td rowspan="1">1562616682466</td><td rowspan="1">2530</td></tr><tr class="passedeven"><td><a href="#m18">MakePayment_Zip_Less5Numbers2</a></td><td rowspan="1">1562616684997</td><td rowspan="1">794</td></tr></tbody>
</table>
<h2>/Users/mj621194/Documents/Maven_Projects/ios_test_samples</h2><h2>NonLogin_MakePayment_PayWithCards_exceptCards01</h2><h3 id="m0">iOS_Tests.MakePayment_TestSample#MakePayment_Amount_SpecialSign1</h3><table class="result"><tr><th>Exception</th></tr><tr><td><div class="stacktrace">java.lang.AssertionError: null
	at org.testng.Assert.fail(Assert.java:96)
	at org.testng.Assert.fail(Assert.java:103)
	at iOS_Tests.MakePayment_TestSample.MakePayment_Amount_SpecialSign1(MakePayment_TestSample.java:195)
	at java.base/jdk.internal.reflect.NativeMethodAccessorImpl.invoke0(Native Method)
	at java.base/jdk.internal.reflect.NativeMethodAccessorImpl.invoke(NativeMethodAccessorImpl.java:62)
	at java.base/jdk.internal.reflect.DelegatingMethodAccessorImpl.invoke(DelegatingMethodAccessorImpl.java:43)
	at java.base/java.lang.reflect.Method.invoke(Method.java:566)
	at org.testng.internal.MethodInvocationHelper.invokeMethod(MethodInvocationHelper.java:124)
	at org.testng.internal.Invoker.invokeMethod(Invoker.java:583)
	at org.testng.internal.Invoker.invokeTestMethod(Invoker.java:719)
	at org.testng.internal.Invoker.invokeTestMethods(Invoker.java:989)
	at org.testng.internal.TestMethodWorker.invokeTestMethods(TestMethodWorker.java:125)
	at org.testng.internal.TestMethodWorker.run(TestMethodWorker.java:109)
	at org.testng.TestRunner.privateRun(TestRunner.java:648)
	at org.testng.TestRunner.run(TestRunner.java:505)
	at org.testng.SuiteRunner.runTest(SuiteRunner.java:455)
	at org.testng.SuiteRunner.runSequentially(SuiteRunner.java:450)
	at org.testng.SuiteRunner.privateRun(SuiteRunner.java:415)
	at org.testng.SuiteRunner.run(SuiteRunner.java:364)
	at org.testng.SuiteRunnerWorker.runSuite(SuiteRunnerWorker.java:52)
	at org.testng.SuiteRunnerWorker.run(SuiteRunnerWorker.java:84)
	at org.testng.TestNG.runSuitesSequentially(TestNG.java:1208)
	at org.testng.TestNG.runSuitesLocally(TestNG.java:1137)
	at org.testng.TestNG.runSuites(TestNG.java:1049)
	at org.testng.TestNG.run(TestNG.java:1017)
	at org.apache.maven.surefire.testng.TestNGExecutor.run(TestNGExecutor.java:283)
	at org.apache.maven.surefire.testng.TestNGXmlTestSuite.execute(TestNGXmlTestSuite.java:75)
	at org.apache.maven.surefire.testng.TestNGProvider.invoke(TestNGProvider.java:120)
	at org.apache.maven.surefire.booter.ForkedBooter.invokeProviderInSameClassLoader(ForkedBooter.java:386)
	at org.apache.maven.surefire.booter.ForkedBooter.runSuitesInProcess(ForkedBooter.java:323)
	at org.apache.maven.surefire.booter.ForkedBooter.main(ForkedBooter.java:143)
</div></td></tr></table><p class="totop"><a href="#summary">back to summary</a></p>
<h3 id="m1">iOS_Tests.MakePayment_TestSample#MakePayment_Amount_SpecialSign4</h3><table class="result"><tr><th>Exception</th></tr><tr><td><div class="stacktrace">java.lang.AssertionError: expected [true] but found [false]
	at org.testng.Assert.fail(Assert.java:96)
	at org.testng.Assert.failNotEquals(Assert.java:776)
	at org.testng.Assert.assertTrue(Assert.java:44)
	at org.testng.Assert.assertTrue(Assert.java:54)
	at iOS_Tests.MakePayment_TestSample.MakePayment_Amount_SpecialSign4(MakePayment_TestSample.java:236)
	at java.base/jdk.internal.reflect.NativeMethodAccessorImpl.invoke0(Native Method)
	at java.base/jdk.internal.reflect.NativeMethodAccessorImpl.invoke(NativeMethodAccessorImpl.java:62)
	at java.base/jdk.internal.reflect.DelegatingMethodAccessorImpl.invoke(DelegatingMethodAccessorImpl.java:43)
	at java.base/java.lang.reflect.Method.invoke(Method.java:566)
	at org.testng.internal.MethodInvocationHelper.invokeMethod(MethodInvocationHelper.java:124)
	at org.testng.internal.Invoker.invokeMethod(Invoker.java:583)
	at org.testng.internal.Invoker.invokeTestMethod(Invoker.java:719)
	at org.testng.internal.Invoker.invokeTestMethods(Invoker.java:989)
	at org.testng.internal.TestMethodWorker.invokeTestMethods(TestMethodWorker.java:125)
	at org.testng.internal.TestMethodWorker.run(TestMethodWorker.java:109)
	at org.testng.TestRunner.privateRun(TestRunner.java:648)
	at org.testng.TestRunner.run(TestRunner.java:505)
	at org.testng.SuiteRunner.runTest(SuiteRunner.java:455)
	at org.testng.SuiteRunner.runSequentially(SuiteRunner.java:450)
	at org.testng.SuiteRunner.privateRun(SuiteRunner.java:415)
	at org.testng.SuiteRunner.run(SuiteRunner.java:364)
	at org.testng.SuiteRunnerWorker.runSuite(SuiteRunnerWorker.java:52)
	at org.testng.SuiteRunnerWorker.run(SuiteRunnerWorker.java:84)
	at org.testng.TestNG.runSuitesSequentially(TestNG.java:1208)
	at org.testng.TestNG.runSuitesLocally(TestNG.java:1137)
	at org.testng.TestNG.runSuites(TestNG.java:1049)
	at org.testng.TestNG.run(TestNG.java:1017)
	at org.apache.maven.surefire.testng.TestNGExecutor.run(TestNGExecutor.java:283)
	at org.apache.maven.surefire.testng.TestNGXmlTestSuite.execute(TestNGXmlTestSuite.java:75)
	at org.apache.maven.surefire.testng.TestNGProvider.invoke(TestNGProvider.java:120)
	at org.apache.maven.surefire.booter.ForkedBooter.invokeProviderInSameClassLoader(ForkedBooter.java:386)
	at org.apache.maven.surefire.booter.ForkedBooter.runSuitesInProcess(ForkedBooter.java:323)
	at org.apache.maven.surefire.booter.ForkedBooter.main(ForkedBooter.java:143)
</div></td></tr></table><p class="totop"><a href="#summary">back to summary</a></p>
<h3 id="m2">iOS_Tests.MakePayment_TestSample#MakePayment_Amount_ContinueDisabled1</h3><table class="result"><tr><th class="invisible"/></tr></table><p class="totop"><a href="#summary">back to summary</a></p>
<h3 id="m3">iOS_Tests.MakePayment_TestSample#MakePayment_Amount_ContinueDisabled2</h3><table class="result"><tr><th class="invisible"/></tr></table><p class="totop"><a href="#summary">back to summary</a></p>
<h3 id="m4">iOS_Tests.MakePayment_TestSample#MakePayment_Amount_ErrorM1</h3><table class="result"><tr><th class="invisible"/></tr></table><p class="totop"><a href="#summary">back to summary</a></p>
<h3 id="m5">iOS_Tests.MakePayment_TestSample#MakePayment_Amount_ErrorM2</h3><table class="result"><tr><th class="invisible"/></tr></table><p class="totop"><a href="#summary">back to summary</a></p>
<h3 id="m6">iOS_Tests.MakePayment_TestSample#MakePayment_Amount_SpecialSign2</h3><table class="result"><tr><th class="invisible"/></tr></table><p class="totop"><a href="#summary">back to summary</a></p>
<h3 id="m7">iOS_Tests.MakePayment_TestSample#MakePayment_Amount_SpecialSign3</h3><table class="result"><tr><th class="invisible"/></tr></table><p class="totop"><a href="#summary">back to summary</a></p>
<h3 id="m8">iOS_Tests.MakePayment_TestSample#MakePayment_CameraAllow</h3><table class="result"><tr><th class="invisible"/></tr></table><p class="totop"><a href="#summary">back to summary</a></p>
<h3 id="m9">iOS_Tests.MakePayment_TestSample#MakePayment_Cancel</h3><table class="result"><tr><th class="invisible"/></tr></table><p class="totop"><a href="#summary">back to summary</a></p>
<h3 id="m10">iOS_Tests.MakePayment_TestSample#MakePayment_ContinueEnable_Default1</h3><table class="result"><tr><th class="invisible"/></tr></table><p class="totop"><a href="#summary">back to summary</a></p>
<h3 id="m11">iOS_Tests.MakePayment_TestSample#MakePayment_ContinueEnable_Default2</h3><table class="result"><tr><th class="invisible"/></tr></table><p class="totop"><a href="#summary">back to summary</a></p>
<h3 id="m12">iOS_Tests.MakePayment_TestSample#MakePayment_MoreInfoIcon</h3><table class="result"><tr><th class="invisible"/></tr></table><p class="totop"><a href="#summary">back to summary</a></p>
<h3 id="m13">iOS_Tests.MakePayment_TestSample#MakePayment_Name_Empty</h3><table class="result"><tr><th class="invisible"/></tr></table><p class="totop"><a href="#summary">back to summary</a></p>
<h3 id="m14">iOS_Tests.MakePayment_TestSample#MakePayment_Name_FillAgain</h3><table class="result"><tr><th class="invisible"/></tr></table><p class="totop"><a href="#summary">back to summary</a></p>
<h3 id="m15">iOS_Tests.MakePayment_TestSample#MakePayment_PayWithCards</h3><table class="result"><tr><th class="invisible"/></tr></table><p class="totop"><a href="#summary">back to summary</a></p>
<h3 id="m16">iOS_Tests.MakePayment_TestSample#MakePayment_Zip_Empty</h3><table class="result"><tr><th class="invisible"/></tr></table><p class="totop"><a href="#summary">back to summary</a></p>
<h3 id="m17">iOS_Tests.MakePayment_TestSample#MakePayment_Zip_Less5Numbers1</h3><table class="result"><tr><th class="invisible"/></tr></table><p class="totop"><a href="#summary">back to summary</a></p>
<h3 id="m18">iOS_Tests.MakePayment_TestSample#MakePayment_Zip_Less5Numbers2</h3><table class="result"><tr><th class="invisible"/></tr></table><p class="totop"><a href="#summary">back to summary</a></p>
</body>
</html>
