<?xml version="1.0" encoding="UTF-8"?>
<testsuite xmlns:xsi="http://www.w3.org/2001/XMLSchema-instance" xsi:noNamespaceSchemaLocation="https://maven.apache.org/surefire/maven-surefire-plugin/xsd/surefire-test-report.xsd" name="TestSuite" time="107.332" tests="19" errors="0" skipped="0" failures="2">
  <properties>
    <property name="gopherProxySet" value="false"/>
    <property name="awt.toolkit" value="sun.lwawt.macosx.LWCToolkit"/>
    <property name="java.specification.version" value="11"/>
    <property name="sun.cpu.isalist" value=""/>
    <property name="sun.jnu.encoding" value="UTF-8"/>
    <property name="java.class.path" value="/Applications/IntelliJ IDEA CE.app/Contents/plugins/maven/lib/maven3/boot/plexus-classworlds-2.5.2.jar"/>
    <property name="java.vm.vendor" value="Oracle Corporation"/>
    <property name="sun.arch.data.model" value="64"/>
    <property name="java.vendor.url" value="http://java.oracle.com/"/>
    <property name="user.timezone" value="America/Chicago"/>
    <property name="os.name" value="Mac OS X"/>
    <property name="java.vm.specification.version" value="11"/>
    <property name="sun.java.launcher" value="SUN_STANDARD"/>
    <property name="user.country" value="US"/>
    <property name="sun.boot.library.path" value="/Library/Java/JavaVirtualMachines/jdk-11.0.3.jdk/Contents/Home/lib"/>
    <property name="sun.java.command" value="org.codehaus.classworlds.Launcher -Didea.version2019.1.3 verify"/>
    <property name="http.nonProxyHosts" value="local|*.local|169.254/16|*.169.254/16"/>
    <property name="jdk.debug" value="release"/>
    <property name="maven.home" value="/Applications/IntelliJ IDEA CE.app/Contents/plugins/maven/lib/maven3"/>
    <property name="sun.cpu.endian" value="little"/>
    <property name="user.home" value="/Users/mj621194"/>
    <property name="user.language" value="en"/>
    <property name="java.specification.vendor" value="Oracle Corporation"/>
    <property name="java.version.date" value="2019-04-16"/>
    <property name="java.home" value="/Library/Java/JavaVirtualMachines/jdk-11.0.3.jdk/Contents/Home"/>
    <property name="file.separator" value="/"/>
    <property name="java.vm.compressedOopsMode" value="Zero based"/>
    <property name="line.separator" value="&#10;"/>
    <property name="java.specification.name" value="Java Platform API Specification"/>
    <property name="java.vm.specification.vendor" value="Oracle Corporation"/>
    <property name="java.awt.graphicsenv" value="sun.awt.CGraphicsEnvironment"/>
    <property name="sun.management.compiler" value="HotSpot 64-Bit Tiered Compilers"/>
    <property name="ftp.nonProxyHosts" value="local|*.local|169.254/16|*.169.254/16"/>
    <property name="java.runtime.version" value="11.0.3+12-LTS"/>
    <property name="user.name" value="mj621194"/>
    <property name="path.separator" value=":"/>
    <property name="os.version" value="10.14.5"/>
    <property name="java.runtime.name" value="Java(TM) SE Runtime Environment"/>
    <property name="file.encoding" value="UTF-8"/>
    <property name="guice.disable.misplaced.annotation.check" value="true"/>
    <property name="java.vm.name" value="Java HotSpot(TM) 64-Bit Server VM"/>
    <property name="java.vendor.version" value="18.9"/>
    <property name="java.vendor.url.bug" value="http://bugreport.java.com/bugreport/"/>
    <property name="java.io.tmpdir" value="/var/folders/7b/yjpc59h12051_zk5zpmx3lcw0000gq/T/"/>
    <property name="java.version" value="11.0.3"/>
    <property name="user.dir" value="/Users/mj621194/Documents/Maven_Projects/ios_test_samples"/>
    <property name="os.arch" value="x86_64"/>
    <property name="maven.multiModuleProjectDirectory" value="/Users/mj621194/Documents/Maven_Projects/ios_test_samples"/>
    <property name="java.vm.specification.name" value="Java Virtual Machine Specification"/>
    <property name="java.awt.printerjob" value="sun.lwawt.macosx.CPrinterJob"/>
    <property name="idea.version2019.1.3" value="true"/>
    <property name="sun.os.patch.level" value="unknown"/>
    <property name="java.library.path" value="/Users/mj621194/Library/Java/Extensions:/Library/Java/Extensions:/Network/Library/Java/Extensions:/System/Library/Java/Extensions:/usr/lib/java:."/>
    <property name="java.vendor" value="Oracle Corporation"/>
    <property name="java.vm.info" value="mixed mode"/>
    <property name="java.vm.version" value="11.0.3+12-LTS"/>
    <property name="classworlds.conf" value="/Applications/IntelliJ IDEA CE.app/Contents/plugins/maven/lib/maven3/bin/m2.conf"/>
    <property name="sun.io.unicode.encoding" value="UnicodeBig"/>
    <property name="java.class.version" value="55.0"/>
    <property name="socksNonProxyHosts" value="local|*.local|169.254/16|*.169.254/16"/>
  </properties>
  <testcase name="MakePayment_PayWithCards" classname="iOS_Tests.MakePayment_TestSample" time="1.654"/>
  <testcase name="MakePayment_CameraAllow" classname="iOS_Tests.MakePayment_TestSample" time="6.241"/>
  <testcase name="MakePayment_ContinueEnable_Default1" classname="iOS_Tests.MakePayment_TestSample" time="0.885"/>
  <testcase name="MakePayment_MoreInfoIcon" classname="iOS_Tests.MakePayment_TestSample" time="4.563"/>
  <testcase name="MakePayment_ContinueEnable_Default2" classname="iOS_Tests.MakePayment_TestSample" time="10.945"/>
  <testcase name="MakePayment_Amount_ErrorM1" classname="iOS_Tests.MakePayment_TestSample" time="10.463"/>
  <testcase name="MakePayment_Amount_ContinueDisabled1" classname="iOS_Tests.MakePayment_TestSample" time="0.83"/>
  <testcase name="MakePayment_Amount_ErrorM2" classname="iOS_Tests.MakePayment_TestSample" time="9.873"/>
  <testcase name="MakePayment_Amount_ContinueDisabled2" classname="iOS_Tests.MakePayment_TestSample" time="0.824"/>
  <testcase name="MakePayment_Amount_SpecialSign1" classname="iOS_Tests.MakePayment_TestSample" time="12.545">
    <failure type="java.lang.AssertionError:">java.lang.AssertionError: null
	at iOS_Tests.MakePayment_TestSample.MakePayment_Amount_SpecialSign1(MakePayment_TestSample.java:195)
</failure>
    <system-out><![CDATA[LISTENER: The Test -MakePayment_Amount_SpecialSign1- is Starting
LISTENER: The Test -MakePayment_Amount_SpecialSign1- is Starting
INFO: The special signs should not put in the Amount field ... Failed
LISTENER: Placed screen shot in /Users/mj621194/Documents/Maven_Projects/ios_test_samples//ER_screenshots/MakePayment_Amount_SpecialSign1.png
LISTENER: Test failed ... MakePayment_Amount_SpecialSign1 --- org.testng.TestRunner@54ca9420
]]></system-out>
  </testcase>
  <testcase name="MakePayment_Amount_SpecialSign2" classname="iOS_Tests.MakePayment_TestSample" time="0.308"/>
  <testcase name="MakePayment_Amount_SpecialSign3" classname="iOS_Tests.MakePayment_TestSample" time="1.881"/>
  <testcase name="MakePayment_Amount_SpecialSign4" classname="iOS_Tests.MakePayment_TestSample" time="0.507">
    <failure message="expected [true] but found [false]" type="java.lang.AssertionError">java.lang.AssertionError: expected [true] but found [false]
	at iOS_Tests.MakePayment_TestSample.MakePayment_Amount_SpecialSign4(MakePayment_TestSample.java:236)
</failure>
    <system-out><![CDATA[LISTENER: The Test -MakePayment_Amount_SpecialSign4- is Starting
LISTENER: The Test -MakePayment_Amount_SpecialSign4- is Starting
LISTENER: Placed screen shot in /Users/mj621194/Documents/Maven_Projects/ios_test_samples//ER_screenshots/MakePayment_Amount_SpecialSign4.png
LISTENER: Test failed ... MakePayment_Amount_SpecialSign4 --- org.testng.TestRunner@54ca9420
]]></system-out>
  </testcase>
  <testcase name="MakePayment_Name_Empty" classname="iOS_Tests.MakePayment_TestSample" time="4.54"/>
  <testcase name="MakePayment_Name_FillAgain" classname="iOS_Tests.MakePayment_TestSample" time="2.731"/>
  <testcase name="MakePayment_Zip_Empty" classname="iOS_Tests.MakePayment_TestSample" time="4.857"/>
  <testcase name="MakePayment_Zip_Less5Numbers1" classname="iOS_Tests.MakePayment_TestSample" time="2.53"/>
  <testcase name="MakePayment_Zip_Less5Numbers2" classname="iOS_Tests.MakePayment_TestSample" time="0.794"/>
  <testcase name="MakePayment_Cancel" classname="iOS_Tests.MakePayment_TestSample" time="3.778"/>
</testsuite>