<?xml version="1.0" encoding="UTF-8"?>
<testng-results ignored="3" total="22" passed="17" failed="2" skipped="0">
  <reporter-output>
  </reporter-output>
  <suite started-at="2019-07-08T20:09:59Z" name="All Test Suite" finished-at="2019-07-08T20:11:29Z" duration-ms="90078">
    <groups>
      <group name="NonLogin">
        <method signature="MakePayment_TestSample.MakePayment_Amount_ErrorM1()[pri:5, instance:iOS_Tests.MakePayment_TestSample@1128620c]" name="MakePayment_Amount_ErrorM1" class="iOS_Tests.MakePayment_TestSample"/>
        <method signature="MakePayment_TestSample.MakePayment_Amount_ErrorM2()[pri:6, instance:iOS_Tests.MakePayment_TestSample@1128620c]" name="MakePayment_Amount_ErrorM2" class="iOS_Tests.MakePayment_TestSample"/>
        <method signature="MakePayment_TestSample.MakePayment_Amount_SpecialSign1()[pri:8, instance:iOS_Tests.MakePayment_TestSample@1128620c]" name="MakePayment_Amount_SpecialSign1" class="iOS_Tests.MakePayment_TestSample"/>
        <method signature="MakePayment_TestSample.MakePayment_Amount_SpecialSign3()[pri:10, instance:iOS_Tests.MakePayment_TestSample@1128620c]" name="MakePayment_Amount_SpecialSign3" class="iOS_Tests.MakePayment_TestSample"/>
        <method signature="MakePayment_TestSample.MakePayment_Amount_SpecialSign4()[pri:0, instance:iOS_Tests.MakePayment_TestSample@1128620c]" name="MakePayment_Amount_SpecialSign4" class="iOS_Tests.MakePayment_TestSample"/>
        <method signature="MakePayment_TestSample.MakePayment_CameraAllow()[pri:2, instance:iOS_Tests.MakePayment_TestSample@1128620c]" name="MakePayment_CameraAllow" class="iOS_Tests.MakePayment_TestSample"/>
        <method signature="MakePayment_TestSample.MakePayment_Cancel()[pri:17, instance:iOS_Tests.MakePayment_TestSample@1128620c]" name="MakePayment_Cancel" class="iOS_Tests.MakePayment_TestSample"/>
        <method signature="MakePayment_TestSample.MakePayment_ContinueEnable_Default1()[pri:3, instance:iOS_Tests.MakePayment_TestSample@1128620c]" name="MakePayment_ContinueEnable_Default1" class="iOS_Tests.MakePayment_TestSample"/>
        <method signature="MakePayment_TestSample.MakePayment_ContinueEnable_Default2()[pri:4, instance:iOS_Tests.MakePayment_TestSample@1128620c]" name="MakePayment_ContinueEnable_Default2" class="iOS_Tests.MakePayment_TestSample"/>
        <method signature="MakePayment_TestSample.MakePayment_MoreInfoIcon()[pri:3, instance:iOS_Tests.MakePayment_TestSample@1128620c]" name="MakePayment_MoreInfoIcon" class="iOS_Tests.MakePayment_TestSample"/>
        <method signature="MakePayment_TestSample.MakePayment_PayWithCards()[pri:1, instance:iOS_Tests.MakePayment_TestSample@1128620c]" name="MakePayment_PayWithCards" class="iOS_Tests.MakePayment_TestSample"/>
        <method signature="MakePayment_TestSample.MakePayment_Zip_Less5Numbers1()[pri:14, instance:iOS_Tests.MakePayment_TestSample@1128620c]" name="MakePayment_Zip_Less5Numbers1" class="iOS_Tests.MakePayment_TestSample"/>
        <method signature="MakePayment_TestSample.MakePayment_Zip_Less5Numbers2()[pri:15, instance:iOS_Tests.MakePayment_TestSample@1128620c]" name="MakePayment_Zip_Less5Numbers2" class="iOS_Tests.MakePayment_TestSample"/>
        <method signature="MakePayment_TestSample.MakePayment_Amount_ContinueDisabled1()[pri:5, instance:iOS_Tests.MakePayment_TestSample@1128620c]" name="MakePayment_Amount_ContinueDisabled1" class="iOS_Tests.MakePayment_TestSample"/>
        <method signature="MakePayment_TestSample.MakePayment_Amount_ContinueDisabled2()[pri:7, instance:iOS_Tests.MakePayment_TestSample@1128620c]" name="MakePayment_Amount_ContinueDisabled2" class="iOS_Tests.MakePayment_TestSample"/>
        <method signature="MakePayment_TestSample.MakePayment_Amount_SpecialSign2()[pri:9, instance:iOS_Tests.MakePayment_TestSample@1128620c]" name="MakePayment_Amount_SpecialSign2" class="iOS_Tests.MakePayment_TestSample"/>
        <method signature="MakePayment_TestSample.MakePayment_Name_Empty()[pri:11, instance:iOS_Tests.MakePayment_TestSample@1128620c]" name="MakePayment_Name_Empty" class="iOS_Tests.MakePayment_TestSample"/>
        <method signature="MakePayment_TestSample.MakePayment_Name_FillAgain()[pri:12, instance:iOS_Tests.MakePayment_TestSample@1128620c]" name="MakePayment_Name_FillAgain" class="iOS_Tests.MakePayment_TestSample"/>
        <method signature="MakePayment_TestSample.MakePayment_Zip_Empty()[pri:13, instance:iOS_Tests.MakePayment_TestSample@1128620c]" name="MakePayment_Zip_Empty" class="iOS_Tests.MakePayment_TestSample"/>
      </group> <!-- NonLogin -->
      <group name="MakePayment">
        <method signature="MakePayment_TestSample.MakePayment_Amount_ErrorM1()[pri:5, instance:iOS_Tests.MakePayment_TestSample@1128620c]" name="MakePayment_Amount_ErrorM1" class="iOS_Tests.MakePayment_TestSample"/>
        <method signature="MakePayment_TestSample.MakePayment_Amount_ErrorM2()[pri:6, instance:iOS_Tests.MakePayment_TestSample@1128620c]" name="MakePayment_Amount_ErrorM2" class="iOS_Tests.MakePayment_TestSample"/>
        <method signature="MakePayment_TestSample.MakePayment_Amount_SpecialSign1()[pri:8, instance:iOS_Tests.MakePayment_TestSample@1128620c]" name="MakePayment_Amount_SpecialSign1" class="iOS_Tests.MakePayment_TestSample"/>
        <method signature="MakePayment_TestSample.MakePayment_Amount_SpecialSign3()[pri:10, instance:iOS_Tests.MakePayment_TestSample@1128620c]" name="MakePayment_Amount_SpecialSign3" class="iOS_Tests.MakePayment_TestSample"/>
        <method signature="MakePayment_TestSample.MakePayment_Amount_SpecialSign4()[pri:0, instance:iOS_Tests.MakePayment_TestSample@1128620c]" name="MakePayment_Amount_SpecialSign4" class="iOS_Tests.MakePayment_TestSample"/>
        <method signature="MakePayment_TestSample.MakePayment_CameraAllow()[pri:2, instance:iOS_Tests.MakePayment_TestSample@1128620c]" name="MakePayment_CameraAllow" class="iOS_Tests.MakePayment_TestSample"/>
        <method signature="MakePayment_TestSample.MakePayment_Cancel()[pri:17, instance:iOS_Tests.MakePayment_TestSample@1128620c]" name="MakePayment_Cancel" class="iOS_Tests.MakePayment_TestSample"/>
        <method signature="MakePayment_TestSample.MakePayment_ContinueEnable_Default1()[pri:3, instance:iOS_Tests.MakePayment_TestSample@1128620c]" name="MakePayment_ContinueEnable_Default1" class="iOS_Tests.MakePayment_TestSample"/>
        <method signature="MakePayment_TestSample.MakePayment_ContinueEnable_Default2()[pri:4, instance:iOS_Tests.MakePayment_TestSample@1128620c]" name="MakePayment_ContinueEnable_Default2" class="iOS_Tests.MakePayment_TestSample"/>
        <method signature="MakePayment_TestSample.MakePayment_MoreInfoIcon()[pri:3, instance:iOS_Tests.MakePayment_TestSample@1128620c]" name="MakePayment_MoreInfoIcon" class="iOS_Tests.MakePayment_TestSample"/>
        <method signature="MakePayment_TestSample.MakePayment_PayWithCards()[pri:1, instance:iOS_Tests.MakePayment_TestSample@1128620c]" name="MakePayment_PayWithCards" class="iOS_Tests.MakePayment_TestSample"/>
        <method signature="MakePayment_TestSample.MakePayment_Zip_Less5Numbers1()[pri:14, instance:iOS_Tests.MakePayment_TestSample@1128620c]" name="MakePayment_Zip_Less5Numbers1" class="iOS_Tests.MakePayment_TestSample"/>
        <method signature="MakePayment_TestSample.MakePayment_Zip_Less5Numbers2()[pri:15, instance:iOS_Tests.MakePayment_TestSample@1128620c]" name="MakePayment_Zip_Less5Numbers2" class="iOS_Tests.MakePayment_TestSample"/>
        <method signature="MakePayment_TestSample.MakePayment_Amount_ContinueDisabled1()[pri:5, instance:iOS_Tests.MakePayment_TestSample@1128620c]" name="MakePayment_Amount_ContinueDisabled1" class="iOS_Tests.MakePayment_TestSample"/>
        <method signature="MakePayment_TestSample.MakePayment_Amount_ContinueDisabled2()[pri:7, instance:iOS_Tests.MakePayment_TestSample@1128620c]" name="MakePayment_Amount_ContinueDisabled2" class="iOS_Tests.MakePayment_TestSample"/>
        <method signature="MakePayment_TestSample.MakePayment_Amount_SpecialSign2()[pri:9, instance:iOS_Tests.MakePayment_TestSample@1128620c]" name="MakePayment_Amount_SpecialSign2" class="iOS_Tests.MakePayment_TestSample"/>
        <method signature="MakePayment_TestSample.MakePayment_Name_Empty()[pri:11, instance:iOS_Tests.MakePayment_TestSample@1128620c]" name="MakePayment_Name_Empty" class="iOS_Tests.MakePayment_TestSample"/>
        <method signature="MakePayment_TestSample.MakePayment_Name_FillAgain()[pri:12, instance:iOS_Tests.MakePayment_TestSample@1128620c]" name="MakePayment_Name_FillAgain" class="iOS_Tests.MakePayment_TestSample"/>
        <method signature="MakePayment_TestSample.MakePayment_Zip_Empty()[pri:13, instance:iOS_Tests.MakePayment_TestSample@1128620c]" name="MakePayment_Zip_Empty" class="iOS_Tests.MakePayment_TestSample"/>
      </group> <!-- MakePayment -->
    </groups>
    <test started-at="2019-07-08T20:09:59Z" name="/Users/mj621194/Documents/Maven_Projects/ios_test_samples" finished-at="2019-07-08T20:10:07Z" duration-ms="8159">
      <class name="iOS_Tests.PreSteps">
        <test-method is-config="true" signature="basicOptionsPre()[pri:0, instance:iOS_Tests.PreSteps@784c5ef5]" started-at="2019-07-08T20:09:59Z" name="basicOptionsPre" finished-at="2019-07-08T20:10:07Z" duration-ms="7718" status="PASS">
          <reporter-output>
          </reporter-output>
        </test-method> <!-- basicOptionsPre -->
      </class> <!-- iOS_Tests.PreSteps -->
    </test> <!-- /Users/mj621194/Documents/Maven_Projects/ios_test_samples -->
    <test started-at="2019-07-08T20:10:08Z" name="NonLogin_MakePayment_PayWithCards_exceptCards01" finished-at="2019-07-08T20:11:29Z" duration-ms="81300">
      <class name="iOS_Tests.MainBase">
        <test-method is-config="true" signature="setUp()[pri:0, instance:iOS_Tests.MainBase@4ba380c7]" started-at="2019-07-08T20:09:44Z" name="setUp" finished-at="2019-07-08T20:09:59Z" duration-ms="14665" status="PASS">
          <reporter-output>
          </reporter-output>
        </test-method> <!-- setUp -->
        <test-method is-config="true" signature="tearDown()[pri:0, instance:iOS_Tests.MainBase@4ba380c7]" started-at="2019-07-08T20:11:29Z" name="tearDown" finished-at="2019-07-08T20:11:30Z" duration-ms="1176" status="PASS">
          <reporter-output>
          </reporter-output>
        </test-method> <!-- tearDown -->
      </class> <!-- iOS_Tests.MainBase -->
      <class name="iOS_Tests.MakePayment_TestSample">
        <test-method signature="MakePayment_PayWithCards()[pri:1, instance:iOS_Tests.MakePayment_TestSample@1128620c]" started-at="2019-07-08T20:10:08Z" name="MakePayment_PayWithCards" finished-at="2019-07-08T20:10:09Z" duration-ms="1652" status="PASS">
          <reporter-output>
          </reporter-output>
        </test-method> <!-- MakePayment_PayWithCards -->
        <test-method signature="MakePayment_CameraAllow()[pri:2, instance:iOS_Tests.MakePayment_TestSample@1128620c]" started-at="2019-07-08T20:10:10Z" name="MakePayment_CameraAllow" finished-at="2019-07-08T20:10:16Z" duration-ms="6240" status="PASS">
          <reporter-output>
          </reporter-output>
        </test-method> <!-- MakePayment_CameraAllow -->
        <test-method signature="MakePayment_ContinueEnable_Default1()[pri:3, instance:iOS_Tests.MakePayment_TestSample@1128620c]" started-at="2019-07-08T20:10:16Z" name="MakePayment_ContinueEnable_Default1" finished-at="2019-07-08T20:10:17Z" duration-ms="885" status="PASS">
          <reporter-output>
          </reporter-output>
        </test-method> <!-- MakePayment_ContinueEnable_Default1 -->
        <test-method signature="MakePayment_MoreInfoIcon()[pri:3, instance:iOS_Tests.MakePayment_TestSample@1128620c]" started-at="2019-07-08T20:10:17Z" name="MakePayment_MoreInfoIcon" finished-at="2019-07-08T20:10:21Z" duration-ms="4564" status="PASS">
          <reporter-output>
          </reporter-output>
        </test-method> <!-- MakePayment_MoreInfoIcon -->
        <test-method signature="MakePayment_ContinueEnable_Default2()[pri:4, instance:iOS_Tests.MakePayment_TestSample@1128620c]" started-at="2019-07-08T20:10:21Z" name="MakePayment_ContinueEnable_Default2" finished-at="2019-07-08T20:10:32Z" duration-ms="10946" status="PASS">
          <reporter-output>
          </reporter-output>
        </test-method> <!-- MakePayment_ContinueEnable_Default2 -->
        <test-method signature="MakePayment_Amount_ErrorM1()[pri:5, instance:iOS_Tests.MakePayment_TestSample@1128620c]" started-at="2019-07-08T20:10:32Z" name="MakePayment_Amount_ErrorM1" finished-at="2019-07-08T20:10:43Z" duration-ms="10463" status="PASS">
          <reporter-output>
          </reporter-output>
        </test-method> <!-- MakePayment_Amount_ErrorM1 -->
        <test-method signature="MakePayment_Amount_ContinueDisabled1()[pri:5, instance:iOS_Tests.MakePayment_TestSample@1128620c]" started-at="2019-07-08T20:10:43Z" name="MakePayment_Amount_ContinueDisabled1" finished-at="2019-07-08T20:10:43Z" duration-ms="829" status="PASS">
          <reporter-output>
          </reporter-output>
        </test-method> <!-- MakePayment_Amount_ContinueDisabled1 -->
        <test-method signature="MakePayment_Amount_ErrorM2()[pri:6, instance:iOS_Tests.MakePayment_TestSample@1128620c]" started-at="2019-07-08T20:10:43Z" name="MakePayment_Amount_ErrorM2" finished-at="2019-07-08T20:10:53Z" duration-ms="9873" status="PASS">
          <reporter-output>
          </reporter-output>
        </test-method> <!-- MakePayment_Amount_ErrorM2 -->
        <test-method signature="MakePayment_Amount_ContinueDisabled2()[pri:7, instance:iOS_Tests.MakePayment_TestSample@1128620c]" started-at="2019-07-08T20:10:53Z" name="MakePayment_Amount_ContinueDisabled2" finished-at="2019-07-08T20:10:54Z" duration-ms="823" status="PASS">
          <reporter-output>
          </reporter-output>
        </test-method> <!-- MakePayment_Amount_ContinueDisabled2 -->
        <test-method signature="MakePayment_Amount_SpecialSign1()[pri:8, instance:iOS_Tests.MakePayment_TestSample@1128620c]" started-at="2019-07-08T20:10:54Z" name="MakePayment_Amount_SpecialSign1" finished-at="2019-07-08T20:11:06Z" duration-ms="12315" status="FAIL">
          <exception class="java.lang.AssertionError">
            <message>
              <![CDATA[null]]>
            </message>
            <full-stacktrace>
              <![CDATA[java.lang.AssertionError: null
at org.testng.Assert.fail(Assert.java:96)
at org.testng.Assert.fail(Assert.java:103)
at iOS_Tests.MakePayment_TestSample.MakePayment_Amount_SpecialSign1(MakePayment_TestSample.java:195)
at java.base/jdk.internal.reflect.NativeMethodAccessorImpl.invoke0(Native Method)
at java.base/jdk.internal.reflect.NativeMethodAccessorImpl.invoke(NativeMethodAccessorImpl.java:62)
at java.base/jdk.internal.reflect.DelegatingMethodAccessorImpl.invoke(DelegatingMethodAccessorImpl.java:43)
at java.base/java.lang.reflect.Method.invoke(Method.java:566)
at org.testng.internal.MethodInvocationHelper.invokeMethod(MethodInvocationHelper.java:124)
at org.testng.internal.Invoker.invokeMethod(Invoker.java:583)
at org.testng.internal.Invoker.invokeTestMethod(Invoker.java:719)
at org.testng.internal.Invoker.invokeTestMethods(Invoker.java:989)
at org.testng.internal.TestMethodWorker.invokeTestMethods(TestMethodWorker.java:125)
at org.testng.internal.TestMethodWorker.run(TestMethodWorker.java:109)
at org.testng.TestRunner.privateRun(TestRunner.java:648)
at org.testng.TestRunner.run(TestRunner.java:505)
at org.testng.SuiteRunner.runTest(SuiteRunner.java:455)
at org.testng.SuiteRunner.runSequentially(SuiteRunner.java:450)
at org.testng.SuiteRunner.privateRun(SuiteRunner.java:415)
at org.testng.SuiteRunner.run(SuiteRunner.java:364)
at org.testng.SuiteRunnerWorker.runSuite(SuiteRunnerWorker.java:52)
at org.testng.SuiteRunnerWorker.run(SuiteRunnerWorker.java:84)
at org.testng.TestNG.runSuitesSequentially(TestNG.java:1208)
at org.testng.TestNG.runSuitesLocally(TestNG.java:1137)
at org.testng.TestNG.runSuites(TestNG.java:1049)
at org.testng.TestNG.run(TestNG.java:1017)
at org.apache.maven.surefire.testng.TestNGExecutor.run(TestNGExecutor.java:283)
at org.apache.maven.surefire.testng.TestNGXmlTestSuite.execute(TestNGXmlTestSuite.java:75)
at org.apache.maven.surefire.testng.TestNGProvider.invoke(TestNGProvider.java:120)
at org.apache.maven.surefire.booter.ForkedBooter.invokeProviderInSameClassLoader(ForkedBooter.java:386)
at org.apache.maven.surefire.booter.ForkedBooter.runSuitesInProcess(ForkedBooter.java:323)
at org.apache.maven.surefire.booter.ForkedBooter.main(ForkedBooter.java:143)
]]>
            </full-stacktrace>
          </exception> <!-- java.lang.AssertionError -->
          <reporter-output>
          </reporter-output>
        </test-method> <!-- MakePayment_Amount_SpecialSign1 -->
        <test-method signature="MakePayment_Amount_SpecialSign2()[pri:9, instance:iOS_Tests.MakePayment_TestSample@1128620c]" started-at="2019-07-08T20:11:07Z" name="MakePayment_Amount_SpecialSign2" finished-at="2019-07-08T20:11:07Z" duration-ms="308" status="PASS">
          <reporter-output>
          </reporter-output>
        </test-method> <!-- MakePayment_Amount_SpecialSign2 -->
        <test-method signature="MakePayment_Amount_SpecialSign3()[pri:10, instance:iOS_Tests.MakePayment_TestSample@1128620c]" started-at="2019-07-08T20:11:07Z" name="MakePayment_Amount_SpecialSign3" finished-at="2019-07-08T20:11:09Z" duration-ms="1881" status="PASS">
          <reporter-output>
          </reporter-output>
        </test-method> <!-- MakePayment_Amount_SpecialSign3 -->
        <test-method signature="MakePayment_Amount_SpecialSign4()[pri:0, instance:iOS_Tests.MakePayment_TestSample@1128620c]" started-at="2019-07-08T20:11:09Z" name="MakePayment_Amount_SpecialSign4" finished-at="2019-07-08T20:11:09Z" depends-on-methods="iOS_Tests.MakePayment_TestSample.MakePayment_Amount_SpecialSign3" duration-ms="334" status="FAIL">
          <exception class="java.lang.AssertionError">
            <message>
              <![CDATA[expected [true] but found [false]]]>
            </message>
            <full-stacktrace>
              <![CDATA[java.lang.AssertionError: expected [true] but found [false]
at org.testng.Assert.fail(Assert.java:96)
at org.testng.Assert.failNotEquals(Assert.java:776)
at org.testng.Assert.assertTrue(Assert.java:44)
at org.testng.Assert.assertTrue(Assert.java:54)
at iOS_Tests.MakePayment_TestSample.MakePayment_Amount_SpecialSign4(MakePayment_TestSample.java:236)
at java.base/jdk.internal.reflect.NativeMethodAccessorImpl.invoke0(Native Method)
at java.base/jdk.internal.reflect.NativeMethodAccessorImpl.invoke(NativeMethodAccessorImpl.java:62)
at java.base/jdk.internal.reflect.DelegatingMethodAccessorImpl.invoke(DelegatingMethodAccessorImpl.java:43)
at java.base/java.lang.reflect.Method.invoke(Method.java:566)
at org.testng.internal.MethodInvocationHelper.invokeMethod(MethodInvocationHelper.java:124)
at org.testng.internal.Invoker.invokeMethod(Invoker.java:583)
at org.testng.internal.Invoker.invokeTestMethod(Invoker.java:719)
at org.testng.internal.Invoker.invokeTestMethods(Invoker.java:989)
at org.testng.internal.TestMethodWorker.invokeTestMethods(TestMethodWorker.java:125)
at org.testng.internal.TestMethodWorker.run(TestMethodWorker.java:109)
at org.testng.TestRunner.privateRun(TestRunner.java:648)
at org.testng.TestRunner.run(TestRunner.java:505)
at org.testng.SuiteRunner.runTest(SuiteRunner.java:455)
at org.testng.SuiteRunner.runSequentially(SuiteRunner.java:450)
at org.testng.SuiteRunner.privateRun(SuiteRunner.java:415)
at org.testng.SuiteRunner.run(SuiteRunner.java:364)
at org.testng.SuiteRunnerWorker.runSuite(SuiteRunnerWorker.java:52)
at org.testng.SuiteRunnerWorker.run(SuiteRunnerWorker.java:84)
at org.testng.TestNG.runSuitesSequentially(TestNG.java:1208)
at org.testng.TestNG.runSuitesLocally(TestNG.java:1137)
at org.testng.TestNG.runSuites(TestNG.java:1049)
at org.testng.TestNG.run(TestNG.java:1017)
at org.apache.maven.surefire.testng.TestNGExecutor.run(TestNGExecutor.java:283)
at org.apache.maven.surefire.testng.TestNGXmlTestSuite.execute(TestNGXmlTestSuite.java:75)
at org.apache.maven.surefire.testng.TestNGProvider.invoke(TestNGProvider.java:120)
at org.apache.maven.surefire.booter.ForkedBooter.invokeProviderInSameClassLoader(ForkedBooter.java:386)
at org.apache.maven.surefire.booter.ForkedBooter.runSuitesInProcess(ForkedBooter.java:323)
at org.apache.maven.surefire.booter.ForkedBooter.main(ForkedBooter.java:143)
]]>
            </full-stacktrace>
          </exception> <!-- java.lang.AssertionError -->
          <reporter-output>
          </reporter-output>
        </test-method> <!-- MakePayment_Amount_SpecialSign4 -->
        <test-method signature="MakePayment_Name_Empty()[pri:11, instance:iOS_Tests.MakePayment_TestSample@1128620c]" started-at="2019-07-08T20:11:10Z" name="MakePayment_Name_Empty" finished-at="2019-07-08T20:11:14Z" duration-ms="4540" status="PASS">
          <reporter-output>
          </reporter-output>
        </test-method> <!-- MakePayment_Name_Empty -->
        <test-method signature="MakePayment_Name_FillAgain()[pri:12, instance:iOS_Tests.MakePayment_TestSample@1128620c]" started-at="2019-07-08T20:11:14Z" name="MakePayment_Name_FillAgain" finished-at="2019-07-08T20:11:17Z" duration-ms="2730" status="PASS">
          <reporter-output>
          </reporter-output>
        </test-method> <!-- MakePayment_Name_FillAgain -->
        <test-method signature="MakePayment_Zip_Empty()[pri:13, instance:iOS_Tests.MakePayment_TestSample@1128620c]" started-at="2019-07-08T20:11:17Z" name="MakePayment_Zip_Empty" finished-at="2019-07-08T20:11:22Z" duration-ms="4857" status="PASS">
          <reporter-output>
          </reporter-output>
        </test-method> <!-- MakePayment_Zip_Empty -->
        <test-method signature="MakePayment_Zip_Less5Numbers1()[pri:14, instance:iOS_Tests.MakePayment_TestSample@1128620c]" started-at="2019-07-08T20:11:22Z" name="MakePayment_Zip_Less5Numbers1" finished-at="2019-07-08T20:11:24Z" duration-ms="2530" status="PASS">
          <reporter-output>
          </reporter-output>
        </test-method> <!-- MakePayment_Zip_Less5Numbers1 -->
        <test-method signature="MakePayment_Zip_Less5Numbers2()[pri:15, instance:iOS_Tests.MakePayment_TestSample@1128620c]" started-at="2019-07-08T20:11:24Z" name="MakePayment_Zip_Less5Numbers2" finished-at="2019-07-08T20:11:25Z" duration-ms="794" status="PASS">
          <reporter-output>
          </reporter-output>
        </test-method> <!-- MakePayment_Zip_Less5Numbers2 -->
        <test-method signature="MakePayment_Cancel()[pri:17, instance:iOS_Tests.MakePayment_TestSample@1128620c]" started-at="2019-07-08T20:11:25Z" name="MakePayment_Cancel" finished-at="2019-07-08T20:11:29Z" duration-ms="3778" status="PASS">
          <reporter-output>
          </reporter-output>
        </test-method> <!-- MakePayment_Cancel -->
      </class> <!-- iOS_Tests.MakePayment_TestSample -->
    </test> <!-- NonLogin_MakePayment_PayWithCards_exceptCards01 -->
  </suite> <!-- All Test Suite -->
</testng-results>
